<?xml version="1.0" encoding="UTF-8"?>
<testng-results skipped="0" failed="1" ignored="0" total="3" passed="2">
  <reporter-output>
  </reporter-output>
  <suite name="Default suite" duration-ms="13889" started-at="2022-07-19T19:34:55 IST" finished-at="2022-07-19T19:35:09 IST">
    <groups>
    </groups>
    <test name="Default test" duration-ms="13889" started-at="2022-07-19T19:34:55 IST" finished-at="2022-07-19T19:35:09 IST">
      <class name="com.artoftesting.test.SauceDemoLoginTest">
        <test-method status="PASS" signature="suiteSetup()[pri:0, instance:com.artoftesting.test.SauceDemoLoginTest@9d5509a]" name="suiteSetup" is-config="true" duration-ms="4375" started-at="2022-07-19T19:34:51 IST" finished-at="2022-07-19T19:34:55 IST">
          <reporter-output>
          </reporter-output>
        </test-method> <!-- suiteSetup -->
        <test-method status="PASS" signature="loadBaseUrl(java.lang.reflect.Method)[pri:0, instance:com.artoftesting.test.SauceDemoLoginTest@9d5509a]" name="loadBaseUrl" is-config="true" duration-ms="1490" started-at="2022-07-19T19:34:56 IST" finished-at="2022-07-19T19:34:57 IST">
          <params>
            <param index="0">
              <value>
                <![CDATA[public void com.artoftesting.test.SauceDemoLoginTest.loginTest()]]>
              </value>
            </param>
          </params>
          <reporter-output>
          </reporter-output>
        </test-method> <!-- loadBaseUrl -->
        <test-method status="FAIL" signature="loginTest()[pri:0, instance:com.artoftesting.test.SauceDemoLoginTest@9d5509a]" name="loginTest" duration-ms="10549" started-at="2022-07-19T19:34:57 IST" finished-at="2022-07-19T19:35:08 IST">
          <exception class="org.openqa.selenium.NoSuchElementException">
            <message>
              <![CDATA[no such element: Unable to locate element: {"method":"css selector","selector":"div.product_label"}
  (Session info: chrome=103.0.5060.114)
For documentation on this error, please visit: https://www.seleniumhq.org/exceptions/no_such_element.html
Build info: version: '3.141.59', revision: 'e82be7d358', time: '2018-11-14T08:17:03'
System info: host: 'DESKTOP-45J4RD0', ip: '192.168.1.21', os.name: 'Windows 10', os.arch: 'amd64', os.version: '10.0', java.version: '1.8.0_321'
Driver info: org.openqa.selenium.chrome.ChromeDriver
Capabilities {acceptInsecureCerts: false, browserName: chrome, browserVersion: 103.0.5060.114, chrome: {chromedriverVersion: 103.0.5060.53 (a1711811edd7..., userDataDir: C:\Users\ADMINI~1\AppData\L...}, goog:chromeOptions: {debuggerAddress: localhost:50404}, javascriptEnabled: true, networkConnectionEnabled: false, pageLoadStrategy: normal, platform: WINDOWS, platformName: WINDOWS, proxy: Proxy(), setWindowRect: true, strictFileInteractability: false, timeouts: {implicit: 0, pageLoad: 300000, script: 30000}, unhandledPromptBehavior: dismiss and notify, webauthn:extension:credBlob: true, webauthn:extension:largeBlob: true, webauthn:virtualAuthenticators: true}
Session ID: 25b80476f744b8e330aba62f2e17f699
*** Element info: {Using=css selector, value=div.product_label}]]>
            </message>
            <full-stacktrace>
              <![CDATA[org.openqa.selenium.NoSuchElementException: no such element: Unable to locate element: {"method":"css selector","selector":"div.product_label"}
  (Session info: chrome=103.0.5060.114)
For documentation on this error, please visit: https://www.seleniumhq.org/exceptions/no_such_element.html
Build info: version: '3.141.59', revision: 'e82be7d358', time: '2018-11-14T08:17:03'
System info: host: 'DESKTOP-45J4RD0', ip: '192.168.1.21', os.name: 'Windows 10', os.arch: 'amd64', os.version: '10.0', java.version: '1.8.0_321'
Driver info: org.openqa.selenium.chrome.ChromeDriver
Capabilities {acceptInsecureCerts: false, browserName: chrome, browserVersion: 103.0.5060.114, chrome: {chromedriverVersion: 103.0.5060.53 (a1711811edd7..., userDataDir: C:\Users\ADMINI~1\AppData\L...}, goog:chromeOptions: {debuggerAddress: localhost:50404}, javascriptEnabled: true, networkConnectionEnabled: false, pageLoadStrategy: normal, platform: WINDOWS, platformName: WINDOWS, proxy: Proxy(), setWindowRect: true, strictFileInteractability: false, timeouts: {implicit: 0, pageLoad: 300000, script: 30000}, unhandledPromptBehavior: dismiss and notify, webauthn:extension:credBlob: true, webauthn:extension:largeBlob: true, webauthn:virtualAuthenticators: true}
Session ID: 25b80476f744b8e330aba62f2e17f699
*** Element info: {Using=css selector, value=div.product_label}
at sun.reflect.NativeConstructorAccessorImpl.newInstance0(Native Method)
at sun.reflect.NativeConstructorAccessorImpl.newInstance(NativeConstructorAccessorImpl.java:62)
at sun.reflect.DelegatingConstructorAccessorImpl.newInstance(DelegatingConstructorAccessorImpl.java:45)
at java.lang.reflect.Constructor.newInstance(Constructor.java:423)
at org.openqa.selenium.remote.http.W3CHttpResponseCodec.createException(W3CHttpResponseCodec.java:187)
at org.openqa.selenium.remote.http.W3CHttpResponseCodec.decode(W3CHttpResponseCodec.java:122)
at org.openqa.selenium.remote.http.W3CHttpResponseCodec.decode(W3CHttpResponseCodec.java:49)
at org.openqa.selenium.remote.HttpCommandExecutor.execute(HttpCommandExecutor.java:158)
at org.openqa.selenium.remote.service.DriverCommandExecutor.execute(DriverCommandExecutor.java:83)
at org.openqa.selenium.remote.RemoteWebDriver.execute(RemoteWebDriver.java:552)
at org.openqa.selenium.remote.RemoteWebDriver.findElement(RemoteWebDriver.java:323)
at org.openqa.selenium.remote.RemoteWebDriver.findElementByCssSelector(RemoteWebDriver.java:420)
at org.openqa.selenium.By$ByCssSelector.findElement(By.java:431)
at org.openqa.selenium.remote.RemoteWebDriver.findElement(RemoteWebDriver.java:315)
at org.openqa.selenium.support.pagefactory.DefaultElementLocator.findElement(DefaultElementLocator.java:69)
at org.openqa.selenium.support.pagefactory.internal.LocatingElementHandler.invoke(LocatingElementHandler.java:38)
at com.sun.proxy.$Proxy27.getText(Unknown Source)
at com.artoftesting.pages.SauceDemoInventoryPage.getProductLabel(SauceDemoInventoryPage.java:23)
at com.artoftesting.test.SauceDemoLoginTest.loginTest(SauceDemoLoginTest.java:32)
at sun.reflect.NativeMethodAccessorImpl.invoke0(Native Method)
at sun.reflect.NativeMethodAccessorImpl.invoke(NativeMethodAccessorImpl.java:62)
at sun.reflect.DelegatingMethodAccessorImpl.invoke(DelegatingMethodAccessorImpl.java:43)
at java.lang.reflect.Method.invoke(Method.java:498)
at org.testng.internal.MethodInvocationHelper.invokeMethod(MethodInvocationHelper.java:133)
at org.testng.internal.TestInvoker.invokeMethod(TestInvoker.java:598)
at org.testng.internal.TestInvoker.invokeTestMethod(TestInvoker.java:173)
at org.testng.internal.MethodRunner.runInSequence(MethodRunner.java:46)
at org.testng.internal.TestInvoker$MethodInvocationAgent.invoke(TestInvoker.java:824)
at org.testng.internal.TestInvoker.invokeTestMethods(TestInvoker.java:146)
at org.testng.internal.TestMethodWorker.invokeTestMethods(TestMethodWorker.java:146)
at org.testng.internal.TestMethodWorker.run(TestMethodWorker.java:128)
at java.util.ArrayList.forEach(ArrayList.java:1259)
at org.testng.TestRunner.privateRun(TestRunner.java:794)
at org.testng.TestRunner.run(TestRunner.java:596)
at org.testng.SuiteRunner.runTest(SuiteRunner.java:377)
at org.testng.SuiteRunner.runSequentially(SuiteRunner.java:371)
at org.testng.SuiteRunner.privateRun(SuiteRunner.java:332)
at org.testng.SuiteRunner.run(SuiteRunner.java:276)
at org.testng.SuiteRunnerWorker.runSuite(SuiteRunnerWorker.java:53)
at org.testng.SuiteRunnerWorker.run(SuiteRunnerWorker.java:96)
at org.testng.TestNG.runSuitesSequentially(TestNG.java:1212)
at org.testng.TestNG.runSuitesLocally(TestNG.java:1134)
at org.testng.TestNG.runSuites(TestNG.java:1063)
at org.testng.TestNG.run(TestNG.java:1031)
at org.testng.remote.AbstractRemoteTestNG.run(AbstractRemoteTestNG.java:115)
at org.testng.remote.RemoteTestNG.initAndRun(RemoteTestNG.java:251)
at org.testng.remote.RemoteTestNG.main(RemoteTestNG.java:77)
]]>
            </full-stacktrace>
          </exception> <!-- org.openqa.selenium.NoSuchElementException -->
          <reporter-output>
          </reporter-output>
        </test-method> <!-- loginTest -->
        <test-method status="PASS" signature="screenshotAndDeleteCookies(org.testng.ITestResult)[pri:0, instance:com.artoftesting.test.SauceDemoLoginTest@9d5509a]" name="screenshotAndDeleteCookies" is-config="true" duration-ms="566" started-at="2022-07-19T19:35:08 IST" finished-at="2022-07-19T19:35:08 IST">
          <params>
            <param index="0">
              <value>
                <![CDATA[[TestResult name=loginTest status=FAILURE method=SauceDemoLoginTest.loginTest()[pri:0, instance:com.artoftesting.test.SauceDemoLoginTest@9d5509a] output={null}]]]>
              </value>
            </param>
          </params>
          <reporter-output>
          </reporter-output>
        </test-method> <!-- screenshotAndDeleteCookies -->
        <test-method status="PASS" signature="loadBaseUrl(java.lang.reflect.Method)[pri:0, instance:com.artoftesting.test.SauceDemoLoginTest@9d5509a]" name="loadBaseUrl" is-config="true" duration-ms="156" started-at="2022-07-19T19:35:09 IST" finished-at="2022-07-19T19:35:09 IST">
          <params>
            <param index="0">
              <value>
                <![CDATA[public void com.artoftesting.test.SauceDemoLoginTest.tempTest(java.lang.String,java.lang.String)]]>
              </value>
            </param>
          </params>
          <reporter-output>
          </reporter-output>
        </test-method> <!-- loadBaseUrl -->
        <test-method status="PASS" signature="tempTest(java.lang.String,java.lang.String)[pri:0, instance:com.artoftesting.test.SauceDemoLoginTest@9d5509a]" name="tempTest" duration-ms="3" started-at="2022-07-19T19:35:09 IST" data-provider="tempTestData" finished-at="2022-07-19T19:35:09 IST">
          <params>
            <param index="0">
              <value>
                <![CDATA[user1]]>
              </value>
            </param>
            <param index="1">
              <value>
                <![CDATA[pwd1]]>
              </value>
            </param>
          </params>
          <reporter-output>
          </reporter-output>
        </test-method> <!-- tempTest -->
        <test-method status="PASS" signature="screenshotAndDeleteCookies(org.testng.ITestResult)[pri:0, instance:com.artoftesting.test.SauceDemoLoginTest@9d5509a]" name="screenshotAndDeleteCookies" is-config="true" duration-ms="20" started-at="2022-07-19T19:35:09 IST" finished-at="2022-07-19T19:35:09 IST">
          <params>
            <param index="0">
              <value>
                <![CDATA[[TestResult name=tempTest status=SUCCESS method=SauceDemoLoginTest.tempTest(java.lang.String,java.lang.String)[pri:0, instance:com.artoftesting.test.SauceDemoLoginTest@9d5509a] output={null}]]]>
              </value>
            </param>
          </params>
          <reporter-output>
          </reporter-output>
        </test-method> <!-- screenshotAndDeleteCookies -->
        <test-method status="PASS" signature="loadBaseUrl(java.lang.reflect.Method)[pri:0, instance:com.artoftesting.test.SauceDemoLoginTest@9d5509a]" name="loadBaseUrl" is-config="true" duration-ms="53" started-at="2022-07-19T19:35:09 IST" finished-at="2022-07-19T19:35:09 IST">
          <params>
            <param index="0">
              <value>
                <![CDATA[public void com.artoftesting.test.SauceDemoLoginTest.tempTest(java.lang.String,java.lang.String)]]>
              </value>
            </param>
          </params>
          <reporter-output>
          </reporter-output>
        </test-method> <!-- loadBaseUrl -->
        <test-method status="PASS" signature="tempTest(java.lang.String,java.lang.String)[pri:0, instance:com.artoftesting.test.SauceDemoLoginTest@9d5509a]" name="tempTest" duration-ms="1" started-at="2022-07-19T19:35:09 IST" data-provider="tempTestData" finished-at="2022-07-19T19:35:09 IST">
          <params>
            <param index="0">
              <value>
                <![CDATA[user2]]>
              </value>
            </param>
            <param index="1">
              <value>
                <![CDATA[pwd2]]>
              </value>
            </param>
          </params>
          <reporter-output>
          </reporter-output>
        </test-method> <!-- tempTest -->
        <test-method status="PASS" signature="screenshotAndDeleteCookies(org.testng.ITestResult)[pri:0, instance:com.artoftesting.test.SauceDemoLoginTest@9d5509a]" name="screenshotAndDeleteCookies" is-config="true" duration-ms="21" started-at="2022-07-19T19:35:09 IST" finished-at="2022-07-19T19:35:09 IST">
          <params>
            <param index="0">
              <value>
                <![CDATA[[TestResult name=tempTest status=SUCCESS method=SauceDemoLoginTest.tempTest(java.lang.String,java.lang.String)[pri:0, instance:com.artoftesting.test.SauceDemoLoginTest@9d5509a] output={null}]]]>
              </value>
            </param>
          </params>
          <reporter-output>
          </reporter-output>
        </test-method> <!-- screenshotAndDeleteCookies -->
        <test-method status="PASS" signature="suiteTearDown()[pri:0, instance:com.artoftesting.test.SauceDemoLoginTest@9d5509a]" name="suiteTearDown" is-config="true" duration-ms="792" started-at="2022-07-19T19:35:09 IST" finished-at="2022-07-19T19:35:10 IST">
          <reporter-output>
          </reporter-output>
        </test-method> <!-- suiteTearDown -->
      </class> <!-- com.artoftesting.test.SauceDemoLoginTest -->
    </test> <!-- Default test -->
  </suite> <!-- Default suite -->
</testng-results>
